<?xml version="1.0" encoding="UTF-8" ?>
<testsuite tests="2" failures="0" name="net.globalapp.login.LoginMailAndCodeTest" time="0.202" errors="2" skipped="0">
  <properties>
    <property name="java.vendor" value="IBM Corporation"/>
    <property name="sun.java.launcher" value="SUN_STANDARD"/>
    <property name="os.name" value="Windows 10"/>
    <property name="sun.boot.class.path" value="C:\Users\jhong\Desktop\eclipse\java_1.8_64\jre\bin\compressedrefs\jclSC180\vm.jar;C:\Users\jhong\Desktop\eclipse\java_1.8_64\jre\lib\se-service.jar;C:\Users\jhong\Desktop\eclipse\java_1.8_64\jre\lib\cuda4j.jar;C:\Users\jhong\Desktop\eclipse\java_1.8_64\jre\lib\math.jar;C:\Users\jhong\Desktop\eclipse\java_1.8_64\jre\lib\ibmorb.jar;C:\Users\jhong\Desktop\eclipse\java_1.8_64\jre\lib\ibmorbapi.jar;C:\Users\jhong\Desktop\eclipse\java_1.8_64\jre\lib\ibmcfw.jar;C:\Users\jhong\Desktop\eclipse\java_1.8_64\jre\lib\ibmpkcs.jar;C:\Users\jhong\Desktop\eclipse\java_1.8_64\jre\lib\ibmcertpathfw.jar;C:\Users\jhong\Desktop\eclipse\java_1.8_64\jre\lib\ibmjgssfw.jar;C:\Users\jhong\Desktop\eclipse\java_1.8_64\jre\lib\ibmjssefw.jar;C:\Users\jhong\Desktop\eclipse\java_1.8_64\jre\lib\ibmsaslfw.jar;C:\Users\jhong\Desktop\eclipse\java_1.8_64\jre\lib\ibmjcefw.jar;C:\Users\jhong\Desktop\eclipse\java_1.8_64\jre\lib\ibmjgssprovider.jar;C:\Users\jhong\Desktop\eclipse\java_1.8_64\jre\lib\ibmjsseprovider2.jar;C:\Users\jhong\Desktop\eclipse\java_1.8_64\jre\lib\ibmcertpathprovider.jar;C:\Users\jhong\Desktop\eclipse\java_1.8_64\jre\lib\xmldsigfw.jar;C:\Users\jhong\Desktop\eclipse\java_1.8_64\jre\lib\xml.jar;C:\Users\jhong\Desktop\eclipse\java_1.8_64\jre\lib\charsets.jar;C:\Users\jhong\Desktop\eclipse\java_1.8_64\jre\lib\resources.jar;C:\Users\jhong\Desktop\eclipse\java_1.8_64\jre\lib\rt.jar;C:\Users\jhong\Desktop\eclipse\java_1.8_64\jre\lib\dataaccess.jar"/>
    <property name="sun.desktop" value="windows"/>
    <property name="java.vm.specification.vendor" value="Oracle Corporation"/>
    <property name="java.runtime.version" value="pwa6480sr3fp20-20161019_02 (SR3 FP20)"/>
    <property name="user.name" value="jhong"/>
    <property name="java.compiler" value="j9jit28"/>
    <property name="os.encoding" value="UTF8"/>
    <property name="guice.disable.misplaced.annotation.check" value="true"/>
    <property name="com.ibm.util.extralibs.properties" value=""/>
    <property name="com.ibm.jcl.checkClassPath" value=""/>
    <property name="user.language" value="es"/>
    <property name="com.ibm.oti.vm.bootstrap.library.path" value="C:\Users\jhong\Desktop\eclipse\java_1.8_64\jre\bin\compressedrefs;C:\Users\jhong\Desktop\eclipse\java_1.8_64\jre\bin"/>
    <property name="sun.boot.library.path" value="C:\Users\jhong\Desktop\eclipse\java_1.8_64\jre\bin\compressedrefs;C:\Users\jhong\Desktop\eclipse\java_1.8_64\jre\bin"/>
    <property name="classworlds.conf" value="C:\GlobalApps\WebApp\.metadata\.plugins\org.eclipse.m2e.launching\launches\m2conf1006487541897256388.tmp"/>
    <property name="java.version" value="1.8.0"/>
    <property name="user.timezone" value="America/Regina"/>
    <property name="com.ibm.system.agent.path" value="C:\Users\jhong\Desktop\eclipse\java_1.8_64\jre\bin"/>
    <property name="sun.arch.data.model" value="64"/>
    <property name="com.ibm.zero.version" value="2"/>
    <property name="java.endorsed.dirs" value="C:\Users\jhong\Desktop\eclipse\java_1.8_64\jre\lib\endorsed"/>
    <property name="com.ibm.oti.vm.library.version" value="28"/>
    <property name="sun.jnu.encoding" value="Cp1252"/>
    <property name="file.encoding.pkg" value="sun.io"/>
    <property name="file.separator" value="\"/>
    <property name="java.specification.name" value="Java Platform API Specification"/>
    <property name="com.ibm.packed.version" value="2"/>
    <property name="java.class.version" value="52.0"/>
    <property name="user.country" value="CR"/>
    <property name="java.home" value="C:\Users\jhong\Desktop\eclipse\java_1.8_64\jre"/>
    <property name="java.vm.info" value="JRE 1.8.0 Windows 10 amd64-64 Compressed References 20161013_322271 (JIT enabled, AOT enabled)
J9VM - R28_Java8_SR3_20161013_1635_B322271
JIT  - tr.r14.java.green_20161011_125790
GC   - R28_Java8_SR3_20161013_1635_B322271_CMPRSS
J9CL - 20161013_322271"/>
    <property name="os.version" value="10.0"/>
    <property name="java.awt.fonts" value=""/>
    <property name="path.separator" value=";"/>
    <property name="java.vm.version" value="2.8"/>
    <property name="user.variant" value=""/>
    <property name="java.awt.printerjob" value="sun.awt.windows.WPrinterJob"/>
    <property name="sun.io.unicode.encoding" value="UnicodeLittle"/>
    <property name="awt.toolkit" value="sun.awt.windows.WToolkit"/>
    <property name="ibm.signalhandling.sigint" value="true"/>
    <property name="user.home" value="C:\Users\jhong"/>
    <property name="com.ibm.cpu.endian" value="little"/>
    <property name="java.specification.vendor" value="Oracle Corporation"/>
    <property name="ibm.signalhandling.sigchain" value="true"/>
    <property name="java.library.path" value="C:\Users\jhong\Desktop\eclipse\java_1.8_64\jre\bin\compressedrefs;C:\Users\jhong\Desktop\eclipse\java_1.8_64\jre\bin;C:\WINDOWS\system32;C:\WINDOWS;C:\Program Files (x86)\Common Files\Oracle\Java\javapath;C:\WINDOWS\system32;C:\WINDOWS;C:\WINDOWS\System32\Wbem;C:\WINDOWS\System32\WindowsPowerShell\v1.0\;C:\WINDOWS\System32\OpenSSH\;C:\Program Files\Java\jdk1.8.0_181\bin;C:\Program Files\Git\cmd;C:\Program Files\Git\mingw64\bin;C:\Program Files\Git\usr\bin;C:\Program Files\dotnet\;C:\Program Files\Microsoft SQL Server\130\Tools\Binn\;C:\Users\jhong\AppData\Local\Microsoft\WindowsApps;C:\Users\jhong\AppData\Local\GitHubDesktop\bin;C:\Users\jhong\AppData\Local\atom\bin;."/>
    <property name="java.vendor.url" value="http://www.ibm.com/"/>
    <property name="java.vm.vendor" value="IBM Corporation"/>
    <property name="java.fullversion" value="JRE 1.8.0 IBM J9 2.8 Windows 10 amd64-64 Compressed References 20161013_322271 (JIT enabled, AOT enabled)
J9VM - R28_Java8_SR3_20161013_1635_B322271
JIT  - tr.r14.java.green_20161011_125790
GC   - R28_Java8_SR3_20161013_1635_B322271_CMPRSS
J9CL - 20161013_322271"/>
    <property name="maven.home" value="C:\Users\jhong\git\RegressionTester\EMBEDDED"/>
    <property name="java.runtime.name" value="Java(TM) SE Runtime Environment"/>
    <property name="sun.java.command" value="org.codehaus.plexus.classworlds.launcher.Launcher -B -gs C:\Users\jhong\.m2\settings.xml install"/>
    <property name="java.class.path" value="/C:/Users/jhong/Desktop/eclipse/plugins/org.eclipse.m2e.maven.runtime_1.7.0.20160603-1931/jars/plexus-classworlds-2.5.2.jar"/>
    <property name="java.vm.specification.name" value="Java Virtual Machine Specification"/>
    <property name="java.vm.specification.version" value="1.8"/>
    <property name="sun.cpu.endian" value="little"/>
    <property name="java.io.tmpdir" value="C:\Users\jhong\AppData\Local\Temp\"/>
    <property name="maven.multiModuleProjectDirectory" value="C:\Users\jhong\git\RegressionTester"/>
    <property name="ibm.system.encoding" value="Cp1252"/>
    <property name="os.arch" value="amd64"/>
    <property name="java.awt.graphicsenv" value="sun.awt.Win32GraphicsEnvironment"/>
    <property name="ibm.signalhandling.rs" value="false"/>
    <property name="java.ext.dirs" value="C:\Users\jhong\Desktop\eclipse\java_1.8_64\jre\lib\ext"/>
    <property name="user.dir" value="C:\Users\jhong\git\RegressionTester"/>
    <property name="line.separator" value="
"/>
    <property name="java.vm.name" value="IBM J9 VM"/>
    <property name="com.ibm.oti.shared.enabled" value="false"/>
    <property name="com.ibm.vm.bitmode" value="64"/>
    <property name="file.encoding" value="Cp1252"/>
    <property name="com.ibm.oti.configuration" value="scar"/>
    <property name="java.specification.version" value="1.8"/>
    <property name="com.ibm.oti.jcl.build" value="20161013_322271"/>
  </properties>
  <testcase classname="net.globalapp.login.LoginMailAndCodeTest" name="execute" time="0.101">
    <error message="The driver executable does not exist: C:\installers\drivers\chromedriver_win32\chromedriver.exe" type="java.lang.IllegalStateException">java.lang.IllegalStateException: The driver executable does not exist: C:\installers\drivers\chromedriver_win32\chromedriver.exe
	at com.google.common.base.Preconditions.checkState(Preconditions.java:534)
	at org.openqa.selenium.remote.service.DriverService.checkExecutable(DriverService.java:136)
	at org.openqa.selenium.remote.service.DriverService.findExecutable(DriverService.java:131)
	at org.openqa.selenium.chrome.ChromeDriverService.access$000(ChromeDriverService.java:32)
	at org.openqa.selenium.chrome.ChromeDriverService$Builder.findDefaultExecutable(ChromeDriverService.java:137)
	at org.openqa.selenium.remote.service.DriverService$Builder.build(DriverService.java:329)
	at org.openqa.selenium.chrome.ChromeDriverService.createDefaultService(ChromeDriverService.java:88)
	at org.openqa.selenium.chrome.ChromeDriver.&lt;init&gt;(ChromeDriver.java:120)
	at net.globalapp.common.BaseTest.setup(BaseTest.java:30)
	at sun.reflect.NativeMethodAccessorImpl.invoke0(Native Method)
	at sun.reflect.NativeMethodAccessorImpl.invoke(NativeMethodAccessorImpl.java:95)
	at sun.reflect.DelegatingMethodAccessorImpl.invoke(DelegatingMethodAccessorImpl.java:55)
	at java.lang.reflect.Method.invoke(Method.java:508)
	at org.junit.runners.model.FrameworkMethod$1.runReflectiveCall(FrameworkMethod.java:45)
	at org.junit.internal.runners.model.ReflectiveCallable.run(ReflectiveCallable.java:15)
	at org.junit.runners.model.FrameworkMethod.invokeExplosively(FrameworkMethod.java:42)
	at org.junit.internal.runners.statements.RunBefores.evaluate(RunBefores.java:27)
	at org.junit.internal.runners.statements.RunAfters.evaluate(RunAfters.java:30)
	at org.junit.runners.ParentRunner.runLeaf(ParentRunner.java:263)
	at org.junit.runners.BlockJUnit4ClassRunner.runChild(BlockJUnit4ClassRunner.java:68)
	at org.junit.runners.BlockJUnit4ClassRunner.runChild(BlockJUnit4ClassRunner.java:47)
	at org.junit.runners.ParentRunner$3.run(ParentRunner.java:231)
	at org.junit.runners.ParentRunner$1.schedule(ParentRunner.java:60)
	at org.junit.runners.ParentRunner.runChildren(ParentRunner.java:229)
	at org.junit.runners.ParentRunner.access$000(ParentRunner.java:50)
	at org.junit.runners.ParentRunner$2.evaluate(ParentRunner.java:222)
	at org.junit.runners.ParentRunner.run(ParentRunner.java:300)
	at org.apache.maven.surefire.junit4.JUnit4Provider.execute(JUnit4Provider.java:252)
	at org.apache.maven.surefire.junit4.JUnit4Provider.executeTestSet(JUnit4Provider.java:141)
	at org.apache.maven.surefire.junit4.JUnit4Provider.invoke(JUnit4Provider.java:112)
	at sun.reflect.NativeMethodAccessorImpl.invoke0(Native Method)
	at sun.reflect.NativeMethodAccessorImpl.invoke(NativeMethodAccessorImpl.java:95)
	at sun.reflect.DelegatingMethodAccessorImpl.invoke(DelegatingMethodAccessorImpl.java:55)
	at java.lang.reflect.Method.invoke(Method.java:508)
	at org.apache.maven.surefire.util.ReflectionUtils.invokeMethodWithArray(ReflectionUtils.java:189)
	at org.apache.maven.surefire.booter.ProviderFactory$ProviderProxy.invoke(ProviderFactory.java:165)
	at org.apache.maven.surefire.booter.ProviderFactory.invokeProvider(ProviderFactory.java:85)
	at org.apache.maven.surefire.booter.ForkedBooter.runSuitesInProcess(ForkedBooter.java:115)
	at org.apache.maven.surefire.booter.ForkedBooter.main(ForkedBooter.java:75)
</error>
  </testcase>
  <testcase classname="net.globalapp.login.LoginMailAndCodeTest" name="execute" time="0.101">
    <error type="java.lang.NullPointerException">java.lang.NullPointerException
	at net.globalapp.common.BaseTest.close(BaseTest.java:84)
	at sun.reflect.NativeMethodAccessorImpl.invoke0(Native Method)
	at sun.reflect.NativeMethodAccessorImpl.invoke(NativeMethodAccessorImpl.java:95)
	at sun.reflect.DelegatingMethodAccessorImpl.invoke(DelegatingMethodAccessorImpl.java:55)
	at java.lang.reflect.Method.invoke(Method.java:508)
	at org.junit.runners.model.FrameworkMethod$1.runReflectiveCall(FrameworkMethod.java:45)
	at org.junit.internal.runners.model.ReflectiveCallable.run(ReflectiveCallable.java:15)
	at org.junit.runners.model.FrameworkMethod.invokeExplosively(FrameworkMethod.java:42)
	at org.junit.internal.runners.statements.RunAfters.evaluate(RunAfters.java:36)
	at org.junit.runners.ParentRunner.runLeaf(ParentRunner.java:263)
	at org.junit.runners.BlockJUnit4ClassRunner.runChild(BlockJUnit4ClassRunner.java:68)
	at org.junit.runners.BlockJUnit4ClassRunner.runChild(BlockJUnit4ClassRunner.java:47)
	at org.junit.runners.ParentRunner$3.run(ParentRunner.java:231)
	at org.junit.runners.ParentRunner$1.schedule(ParentRunner.java:60)
	at org.junit.runners.ParentRunner.runChildren(ParentRunner.java:229)
	at org.junit.runners.ParentRunner.access$000(ParentRunner.java:50)
	at org.junit.runners.ParentRunner$2.evaluate(ParentRunner.java:222)
	at org.junit.runners.ParentRunner.run(ParentRunner.java:300)
	at org.apache.maven.surefire.junit4.JUnit4Provider.execute(JUnit4Provider.java:252)
	at org.apache.maven.surefire.junit4.JUnit4Provider.executeTestSet(JUnit4Provider.java:141)
	at org.apache.maven.surefire.junit4.JUnit4Provider.invoke(JUnit4Provider.java:112)
	at sun.reflect.NativeMethodAccessorImpl.invoke0(Native Method)
	at sun.reflect.NativeMethodAccessorImpl.invoke(NativeMethodAccessorImpl.java:95)
	at sun.reflect.DelegatingMethodAccessorImpl.invoke(DelegatingMethodAccessorImpl.java:55)
	at java.lang.reflect.Method.invoke(Method.java:508)
	at org.apache.maven.surefire.util.ReflectionUtils.invokeMethodWithArray(ReflectionUtils.java:189)
	at org.apache.maven.surefire.booter.ProviderFactory$ProviderProxy.invoke(ProviderFactory.java:165)
	at org.apache.maven.surefire.booter.ProviderFactory.invokeProvider(ProviderFactory.java:85)
	at org.apache.maven.surefire.booter.ForkedBooter.runSuitesInProcess(ForkedBooter.java:115)
	at org.apache.maven.surefire.booter.ForkedBooter.main(ForkedBooter.java:75)
</error>
  </testcase>
</testsuite>